WARNING: A terminally deprecated method in sun.misc.Unsafe has been called
WARNING: sun.misc.Unsafe::staticFieldBase has been called by com.google.inject.internal.aop.HiddenClassDefiner (file:/usr/local/Cellar/maven/3.9.11/libexec/lib/guice-5.1.0-classes.jar)
WARNING: Please consider reporting this to the maintainers of class com.google.inject.internal.aop.HiddenClassDefiner
WARNING: sun.misc.Unsafe::staticFieldBase will be removed in a future release
[INFO] Scanning for projects...
[INFO] 
[INFO] -----------------------< com.openlineage:server >-----------------------
[INFO] Building openlineage-server 0.0.1-SNAPSHOT
[INFO]   from pom.xml
[INFO] --------------------------------[ jar ]---------------------------------
[INFO] 
[INFO] --- resources:3.3.1:resources (default-resources) @ server ---
[INFO] Copying 1 resource from src/main/resources to target/classes
[INFO] Copying 0 resource from src/main/resources to target/classes
[INFO] 
[INFO] --- compiler:3.11.0:compile (default-compile) @ server ---
[INFO] Nothing to compile - all classes are up to date
[INFO] 
[INFO] --- resources:3.3.1:testResources (default-testResources) @ server ---
[INFO] skip non existing resourceDirectory /Users/workbarclays/Documents/olb/openlineage-mongodb/src/test/resources
[INFO] 
[INFO] --- compiler:3.11.0:testCompile (default-testCompile) @ server ---
[INFO] Nothing to compile - all classes are up to date
[INFO] 
[INFO] --- surefire:3.1.2:test (default-test) @ server ---
[INFO] Using auto detected provider org.apache.maven.surefire.junitplatform.JUnitPlatformProvider
[INFO] 
[INFO] -------------------------------------------------------
[INFO]  T E S T S
[INFO] -------------------------------------------------------
[INFO] Running com.openlineage.server.api.JobIntegrationTest
11:07:04.524 [main] INFO org.springframework.test.context.support.AnnotationConfigContextLoaderUtils -- Could not detect default configuration classes for test class [com.openlineage.server.api.JobIntegrationTest]: JobIntegrationTest does not declare any static, non-private, non-final, nested classes annotated with @Configuration.
11:07:04.730 [main] INFO org.springframework.boot.test.context.SpringBootTestContextBootstrapper -- Found @SpringBootConfiguration com.openlineage.server.OpenLineageServerApplication for test class com.openlineage.server.api.JobIntegrationTest

  .   ____          _            __ _ _
 /\\ / ___'_ __ _ _(_)_ __  __ _ \ \ \ \
( ( )\___ | '_ | '_| | '_ \/ _` | \ \ \ \
 \\/  ___)| |_)| | | | | || (_| |  ) ) ) )
  '  |____| .__|_| |_|_| |_\__, | / / / /
 =========|_|==============|___/=/_/_/_/
 :: Spring Boot ::                (v3.2.1)

2026-01-08T11:07:05.324Z  INFO 89385 --- [           main] c.o.server.api.JobIntegrationTest        : Starting JobIntegrationTest using Java 24.0.2 with PID 89385 (started by workbarclays in /Users/workbarclays/Documents/olb/openlineage-mongodb)
2026-01-08T11:07:05.324Z  INFO 89385 --- [           main] c.o.server.api.JobIntegrationTest        : No active profile set, falling back to 1 default profile: "default"
WARNING: A Java agent has been loaded dynamically (/Users/workbarclays/.m2/repository/net/bytebuddy/byte-buddy-agent/1.14.10/byte-buddy-agent-1.14.10.jar)
WARNING: If a serviceability tool is in use, please run with -XX:+EnableDynamicAgentLoading to hide this warning
WARNING: If a serviceability tool is not in use, please run with -Djdk.instrument.traceUsage for more information
WARNING: Dynamic loading of agents will be disallowed by default in a future release
OpenJDK 64-Bit Server VM warning: Sharing is only supported for boot loader classes because bootstrap classpath has been appended
WARNING: A terminally deprecated method in sun.misc.Unsafe has been called
WARNING: sun.misc.Unsafe::objectFieldOffset has been called by net.bytebuddy.dynamic.loading.ClassInjector$UsingUnsafe$Dispatcher$CreationAction (file:/Users/workbarclays/.m2/repository/net/bytebuddy/byte-buddy/1.14.10/byte-buddy-1.14.10.jar)
WARNING: Please consider reporting this to the maintainers of class net.bytebuddy.dynamic.loading.ClassInjector$UsingUnsafe$Dispatcher$CreationAction
WARNING: sun.misc.Unsafe::objectFieldOffset will be removed in a future release
WARNING: A restricted method in java.lang.System has been called
WARNING: java.lang.System::load has been called by org.apache.tomcat.jni.Library in an unnamed module (file:/Users/workbarclays/.m2/repository/org/apache/tomcat/embed/tomcat-embed-core/10.1.17/tomcat-embed-core-10.1.17.jar)
WARNING: Use --enable-native-access=ALL-UNNAMED to avoid a warning for callers in this module
WARNING: Restricted methods will be blocked in a future release unless native access is enabled

2026-01-08T11:07:10.660Z  INFO 89385 --- [           main] o.s.b.t.m.w.SpringBootMockServletContext : Initializing Spring TestDispatcherServlet ''
2026-01-08T11:07:10.662Z  INFO 89385 --- [           main] o.s.t.web.servlet.TestDispatcherServlet  : Initializing Servlet ''
2026-01-08T11:07:10.665Z  INFO 89385 --- [           main] o.s.t.web.servlet.TestDispatcherServlet  : Completed initialization in 1 ms
2026-01-08T11:07:10.701Z  INFO 89385 --- [           main] c.o.server.api.JobIntegrationTest        : Started JobIntegrationTest in 5.765 seconds (process running for 7.308)
[INFO] Tests run: 3, Failures: 0, Errors: 0, Skipped: 0, Time elapsed: 6.689 s -- in com.openlineage.server.api.JobIntegrationTest
[INFO] Running com.openlineage.server.api.StatsIntegrationTest
2026-01-08T11:07:11.020Z  INFO 89385 --- [           main] t.c.s.AnnotationConfigContextLoaderUtils : Could not detect default configuration classes for test class [com.openlineage.server.api.StatsIntegrationTest]: StatsIntegrationTest does not declare any static, non-private, non-final, nested classes annotated with @Configuration.
2026-01-08T11:07:11.029Z  INFO 89385 --- [           main] .b.t.c.SpringBootTestContextBootstrapper : Found @SpringBootConfiguration com.openlineage.server.OpenLineageServerApplication for test class com.openlineage.server.api.StatsIntegrationTest

  .   ____          _            __ _ _
 /\\ / ___'_ __ _ _(_)_ __  __ _ \ \ \ \
( ( )\___ | '_ | '_| | '_ \/ _` | \ \ \ \
 \\/  ___)| |_)| | | | | || (_| |  ) ) ) )
  '  |____| .__|_| |_|_| |_\__, | / / / /
 =========|_|==============|___/=/_/_/_/
 :: Spring Boot ::                (v3.2.1)

2026-01-08T11:07:11.092Z  INFO 89385 --- [           main] c.o.server.api.StatsIntegrationTest      : Starting StatsIntegrationTest using Java 24.0.2 with PID 89385 (started by workbarclays in /Users/workbarclays/Documents/olb/openlineage-mongodb)
2026-01-08T11:07:11.093Z  INFO 89385 --- [           main] c.o.server.api.StatsIntegrationTest      : No active profile set, falling back to 1 default profile: "default"
2026-01-08T11:07:11.682Z  INFO 89385 --- [           main] o.s.b.t.m.w.SpringBootMockServletContext : Initializing Spring TestDispatcherServlet ''
2026-01-08T11:07:11.683Z  INFO 89385 --- [           main] o.s.t.web.servlet.TestDispatcherServlet  : Initializing Servlet ''
2026-01-08T11:07:11.683Z  INFO 89385 --- [           main] o.s.t.web.servlet.TestDispatcherServlet  : Completed initialization in 0 ms
2026-01-08T11:07:11.696Z  INFO 89385 --- [           main] c.o.server.api.StatsIntegrationTest      : Started StatsIntegrationTest in 0.66 seconds (process running for 8.303)
[INFO] Tests run: 2, Failures: 0, Errors: 0, Skipped: 0, Time elapsed: 0.845 s -- in com.openlineage.server.api.StatsIntegrationTest
[INFO] Running com.openlineage.server.api.NamespaceIntegrationTest
2026-01-08T11:07:11.871Z  INFO 89385 --- [           main] t.c.s.AnnotationConfigContextLoaderUtils : Could not detect default configuration classes for test class [com.openlineage.server.api.NamespaceIntegrationTest]: NamespaceIntegrationTest does not declare any static, non-private, non-final, nested classes annotated with @Configuration.
2026-01-08T11:07:11.877Z  INFO 89385 --- [           main] .b.t.c.SpringBootTestContextBootstrapper : Found @SpringBootConfiguration com.openlineage.server.OpenLineageServerApplication for test class com.openlineage.server.api.NamespaceIntegrationTest
[INFO] Tests run: 4, Failures: 0, Errors: 0, Skipped: 0, Time elapsed: 0.110 s -- in com.openlineage.server.api.NamespaceIntegrationTest
[INFO] Running com.openlineage.server.api.DatasetIntegrationTest
2026-01-08T11:07:11.985Z  INFO 89385 --- [           main] t.c.s.AnnotationConfigContextLoaderUtils : Could not detect default configuration classes for test class [com.openlineage.server.api.DatasetIntegrationTest]: DatasetIntegrationTest does not declare any static, non-private, non-final, nested classes annotated with @Configuration.
2026-01-08T11:07:11.989Z  INFO 89385 --- [           main] .b.t.c.SpringBootTestContextBootstrapper : Found @SpringBootConfiguration com.openlineage.server.OpenLineageServerApplication for test class com.openlineage.server.api.DatasetIntegrationTest
[INFO] Tests run: 4, Failures: 0, Errors: 0, Skipped: 0, Time elapsed: 0.119 s -- in com.openlineage.server.api.DatasetIntegrationTest
[INFO] Running com.openlineage.server.api.RunEventIntegrationTest
2026-01-08T11:07:12.111Z  INFO 89385 --- [           main] t.c.s.AnnotationConfigContextLoaderUtils : Could not detect default configuration classes for test class [com.openlineage.server.api.RunEventIntegrationTest]: RunEventIntegrationTest does not declare any static, non-private, non-final, nested classes annotated with @Configuration.
2026-01-08T11:07:12.114Z  INFO 89385 --- [           main] .b.t.c.SpringBootTestContextBootstrapper : Found @SpringBootConfiguration com.openlineage.server.OpenLineageServerApplication for test class com.openlineage.server.api.RunEventIntegrationTest
2026-01-08T11:07:12.184Z  INFO 89385 --- [           main] c.o.server.service.LineageService        : Auto-registered new namespace: default
2026-01-08T11:07:12.186Z  INFO 89385 --- [           main] c.o.server.service.LineageService        : Ingested event for run: 7b9023df-72e3-47db-be2a-796e423526ef
[INFO] Tests run: 1, Failures: 0, Errors: 0, Skipped: 0, Time elapsed: 0.084 s -- in com.openlineage.server.api.RunEventIntegrationTest
[INFO] 
[INFO] Results:
[INFO] 
[INFO] Tests run: 14, Failures: 0, Errors: 0, Skipped: 0
[INFO] 
[INFO] ------------------------------------------------------------------------
[INFO] BUILD SUCCESS
[INFO] ------------------------------------------------------------------------
[INFO] Total time:  10.969 s
[INFO] Finished at: 2026-01-08T11:07:12Z
[INFO] ------------------------------------------------------------------------
